<?xml version="1.0" encoding="UTF-8"?>
<testng-results ignored="2" total="3" passed="1" failed="0" skipped="0">
  <reporter-output>
  </reporter-output>
  <suite started-at="2024-03-07T03:22:56Z" name="Suite" finished-at="2024-03-07T03:23:59Z" duration-ms="62677">
    <groups>
    </groups>
    <test started-at="2024-03-07T03:22:56Z" name="Test" finished-at="2024-03-07T03:23:59Z" duration-ms="62677">
      <class name="base.Hooks">
        <test-method is-config="true" signature="setup()[pri:0, instance:base.Hooks@7a4ccb53]" started-at="2024-03-06T22:22:56Z" name="setup" finished-at="2024-03-06T22:23:00Z" duration-ms="4473" status="PASS">
          <reporter-output>
          </reporter-output>
        </test-method> <!-- setup -->
        <test-method is-config="true" signature="tearDown()[pri:0, instance:base.Hooks@7a4ccb53]" started-at="2024-03-06T22:23:58Z" name="tearDown" finished-at="2024-03-06T22:23:59Z" duration-ms="325" status="PASS">
          <reporter-output>
          </reporter-output>
        </test-method> <!-- tearDown -->
      </class> <!-- base.Hooks -->
      <class name="ultraautomationtesting.CreateTest">
        <test-method signature="loginUltra()[pri:0, instance:ultraautomationtesting.CreateTest@309e345f]" started-at="2024-03-06T22:23:01Z" name="loginUltra" finished-at="2024-03-06T22:23:58Z" duration-ms="57852" status="PASS">
          <reporter-output>
          </reporter-output>
        </test-method> <!-- loginUltra -->
      </class> <!-- ultraautomationtesting.CreateTest -->
    </test> <!-- Test -->
  </suite> <!-- Suite -->
</testng-results>
