<?xml version="1.0" encoding="UTF-8"?>
<!-- Generated by org.testng.reporters.JUnitXMLReporter -->
<testsuite ignored="2" hostname="Daniel-PC" failures="0" tests="1" name="Test" time="62.677" errors="0" timestamp="07 mar 2024 03:23:59 GMT">
  <testcase classname="ultraautomationtesting.CreateTest" name="loginUltra" time="57.852"/>
  <testcase classname="base.Hooks" name="@AfterTest tearDown" time="0.0">
    <ignored/>
  </testcase> <!-- @AfterTest tearDown -->
  <testcase classname="base.Hooks" name="@BeforeTest setup" time="0.0">
    <ignored/>
  </testcase> <!-- @BeforeTest setup -->
</testsuite> <!-- Test -->
